2020-04-17 17:07:34 DEBUG AnnotationConfigApplicationContext:594 - Refreshing org.springframework.context.annotation.AnnotationConfigApplicationContext@59717824
2020-04-17 17:07:35 DEBUG DefaultListableBeanFactory:213 - Creating shared instance of singleton bean 'org.springframework.context.annotation.internalConfigurationAnnotationProcessor'
2020-04-17 17:07:35 DEBUG ClassPathBeanDefinitionScanner:437 - Identified candidate component class: file [F:\Spring labbook\Hibernate-Spring-master\spring_lab 1.4\target\classes\com\capg\dao\EmployeeDaoImpl.class]
2020-04-17 17:07:35 DEBUG ClassPathBeanDefinitionScanner:437 - Identified candidate component class: file [F:\Spring labbook\Hibernate-Spring-master\spring_lab 1.4\target\classes\com\capg\service\EmployeeServiceImpl.class]
2020-04-17 17:07:36 DEBUG DefaultListableBeanFactory:213 - Creating shared instance of singleton bean 'org.springframework.context.event.internalEventListenerProcessor'
2020-04-17 17:07:36 DEBUG DefaultListableBeanFactory:213 - Creating shared instance of singleton bean 'org.springframework.context.event.internalEventListenerFactory'
2020-04-17 17:07:36 DEBUG DefaultListableBeanFactory:213 - Creating shared instance of singleton bean 'org.springframework.context.annotation.internalAutowiredAnnotationProcessor'
2020-04-17 17:07:36 DEBUG DefaultListableBeanFactory:213 - Creating shared instance of singleton bean 'org.springframework.context.annotation.internalCommonAnnotationProcessor'
2020-04-17 17:07:36 DEBUG DefaultListableBeanFactory:213 - Creating shared instance of singleton bean 'javaConfig'
2020-04-17 17:07:36 DEBUG DefaultListableBeanFactory:213 - Creating shared instance of singleton bean 'employeeDaoImpl'
2020-04-17 17:07:36 DEBUG DefaultListableBeanFactory:213 - Creating shared instance of singleton bean 'employeeServiceImpl'
2020-04-17 17:13:23 DEBUG AnnotationConfigApplicationContext:594 - Refreshing org.springframework.context.annotation.AnnotationConfigApplicationContext@314c508a
2020-04-17 17:13:23 DEBUG DefaultListableBeanFactory:213 - Creating shared instance of singleton bean 'org.springframework.context.annotation.internalConfigurationAnnotationProcessor'
2020-04-17 17:13:23 DEBUG ClassPathBeanDefinitionScanner:437 - Identified candidate component class: file [F:\Spring labbook\Hibernate-Spring-master\spring_lab 1.4\target\classes\com\capg\dao\EmployeeDaoImpl.class]
2020-04-17 17:13:23 DEBUG ClassPathBeanDefinitionScanner:437 - Identified candidate component class: file [F:\Spring labbook\Hibernate-Spring-master\spring_lab 1.4\target\classes\com\capg\service\EmployeeServiceImpl.class]
2020-04-17 17:13:23 DEBUG DefaultListableBeanFactory:213 - Creating shared instance of singleton bean 'org.springframework.context.event.internalEventListenerProcessor'
2020-04-17 17:13:23 DEBUG DefaultListableBeanFactory:213 - Creating shared instance of singleton bean 'org.springframework.context.event.internalEventListenerFactory'
2020-04-17 17:13:23 DEBUG DefaultListableBeanFactory:213 - Creating shared instance of singleton bean 'org.springframework.context.annotation.internalAutowiredAnnotationProcessor'
2020-04-17 17:13:23 DEBUG DefaultListableBeanFactory:213 - Creating shared instance of singleton bean 'org.springframework.context.annotation.internalCommonAnnotationProcessor'
2020-04-17 17:13:23 DEBUG DefaultListableBeanFactory:213 - Creating shared instance of singleton bean 'javaConfig'
2020-04-17 17:13:24 DEBUG DefaultListableBeanFactory:213 - Creating shared instance of singleton bean 'employeeDaoImpl'
2020-04-17 17:13:24 DEBUG DefaultListableBeanFactory:213 - Creating shared instance of singleton bean 'employeeServiceImpl'
